  BmpToTexture.cpp
c:\users\mast3\documents\github\cs450\final project\cs450 final project\sample2017\bmptotexture.cpp(66): warning C4996: 'fopen': This function or variable may be unsafe. Consider using fopen_s instead. To disable deprecation, use _CRT_SECURE_NO_WARNINGS. See online help for details.
  c:\program files (x86)\windows kits\10\include\10.0.16299.0\ucrt\stdio.h(207): note: see declaration of 'fopen'
  fmod_funcs.cpp
c:\users\mast3\documents\github\cs450\final project\cs450 final project\sample2017\fmod_funcs.cpp(131): warning C4244: '=': conversion from 'double' to 'float', possible loss of data
c:\users\mast3\documents\github\cs450\final project\cs450 final project\sample2017\fmod_funcs.cpp(132): warning C4244: '=': conversion from 'double' to 'float', possible loss of data
c:\users\mast3\documents\github\cs450\final project\cs450 final project\sample2017\fmod_funcs.cpp(135): warning C4244: '=': conversion from 'double' to 'float', possible loss of data
c:\users\mast3\documents\github\cs450\final project\cs450 final project\sample2017\fmod_funcs.cpp(136): warning C4244: '=': conversion from 'double' to 'float', possible loss of data
  glut_funcs.cpp
c:\users\mast3\documents\github\cs450\final project\cs450 final project\sample2017\glut_funcs.hpp(24): warning C4068: unknown pragma
c:\users\mast3\documents\github\cs450\final project\cs450 final project\sample2017\glut_funcs.cpp(72): warning C4800: 'int': forcing value to bool 'true' or 'false' (performance warning)
c:\users\mast3\documents\github\cs450\final project\cs450 final project\sample2017\glut_funcs.cpp(94): warning C4800: 'int': forcing value to bool 'true' or 'false' (performance warning)
c:\users\mast3\documents\github\cs450\final project\cs450 final project\sample2017\glut_funcs.cpp(101): warning C4800: 'int': forcing value to bool 'true' or 'false' (performance warning)
  sample.cpp
c:\users\mast3\documents\github\cs450\final project\cs450 final project\sample2017\sample.cpp(44): warning C4068: unknown pragma
c:\users\mast3\documents\github\cs450\final project\cs450 final project\sample2017\glut_funcs.hpp(24): warning C4068: unknown pragma
c:\users\mast3\documents\github\cs450\final project\cs450 final project\sample2017\sample.cpp(95): warning C4005: 'M_PI': macro redefinition
  c:\program files (x86)\windows kits\10\include\10.0.16299.0\ucrt\corecrt_math_defines.h(22): note: see previous definition of 'M_PI'
c:\users\mast3\documents\github\cs450\final project\cs450 final project\sample2017\sample.cpp(297): warning C4838: conversion from 'double' to 'float' requires a narrowing conversion
  sphere.cpp
c:\users\mast3\documents\github\cs450\final project\cs450 final project\sample2017\glut_funcs.hpp(24): warning C4068: unknown pragma
  utility_funcs.cpp
  Generating Code...
BmpToTexture.obj : warning LNK4075: ignoring '/EDITANDCONTINUE' due to '/OPT:LBR' specification
LINK : fatal error LNK1158: cannot run 'rc.exe'
